May 12, 2011 6:44:46 AM org.apache.solr.core.SolrResourceLoader locateSolrHome
INFO: JNDI not configured for solr (NoInitialContextEx)
May 12, 2011 6:44:46 AM org.apache.solr.core.SolrResourceLoader locateSolrHome
INFO: using system property solr.solr.home: /Users/anandiyer/Documents/SWGH/crave-src/src/solr
May 12, 2011 6:44:46 AM org.apache.solr.core.SolrResourceLoader <init>
INFO: Solr home set to '/Users/anandiyer/Documents/SWGH/crave-src/src/solr/'
May 12, 2011 6:44:46 AM org.apache.solr.servlet.SolrDispatchFilter init
INFO: SolrDispatchFilter.init()
May 12, 2011 6:44:46 AM org.apache.solr.core.SolrResourceLoader locateSolrHome
INFO: JNDI not configured for solr (NoInitialContextEx)
May 12, 2011 6:44:46 AM org.apache.solr.core.SolrResourceLoader locateSolrHome
INFO: using system property solr.solr.home: /Users/anandiyer/Documents/SWGH/crave-src/src/solr
May 12, 2011 6:44:46 AM org.apache.solr.core.CoreContainer$Initializer initialize
INFO: looking for solr.xml: /Users/anandiyer/Documents/SWGH/crave-src/src/solr/solr.xml
May 12, 2011 6:44:46 AM org.apache.solr.core.SolrResourceLoader <init>
INFO: Solr home set to '/Users/anandiyer/Documents/SWGH/crave-src/src/solr/'
May 12, 2011 6:44:46 AM org.apache.solr.core.SolrConfig initLibs
INFO: Adding specified lib dirs to ClassLoader
May 12, 2011 6:44:47 AM org.apache.solr.core.SolrConfig <init>
INFO: Loaded SolrConfig: solrconfig.xml
May 12, 2011 6:44:47 AM org.apache.solr.core.SolrCore <init>
INFO: Opening new SolrCore at /Users/anandiyer/Documents/SWGH/crave-src/src/solr/, dataDir=/Users/anandiyer/Documents/SWGH/crave-src/src/solr/data/development/
May 12, 2011 6:44:47 AM org.apache.solr.schema.IndexSchema readSchema
INFO: Reading Solr Schema
May 12, 2011 6:44:47 AM org.apache.solr.schema.IndexSchema readSchema
INFO: Schema name=sunspot
May 12, 2011 6:44:47 AM org.apache.solr.util.plugin.AbstractPluginLoader load
INFO: created string: org.apache.solr.schema.StrField
May 12, 2011 6:44:47 AM org.apache.solr.util.plugin.AbstractPluginLoader load
INFO: created tdouble: org.apache.solr.schema.TrieDoubleField
May 12, 2011 6:44:47 AM org.apache.solr.util.plugin.AbstractPluginLoader load
INFO: created rand: org.apache.solr.schema.RandomSortField
May 12, 2011 6:44:47 AM org.apache.solr.util.plugin.AbstractPluginLoader load
INFO: created null: org.apache.solr.analysis.StandardTokenizerFactory
May 12, 2011 6:44:47 AM org.apache.solr.util.plugin.AbstractPluginLoader load
INFO: created null: org.apache.solr.analysis.StandardFilterFactory
May 12, 2011 6:44:47 AM org.apache.solr.util.plugin.AbstractPluginLoader load
INFO: created null: org.apache.solr.analysis.LowerCaseFilterFactory
May 12, 2011 6:44:47 AM org.apache.solr.util.plugin.AbstractPluginLoader load
INFO: created text: org.apache.solr.schema.TextField
May 12, 2011 6:44:47 AM org.apache.solr.util.plugin.AbstractPluginLoader load
INFO: created boolean: org.apache.solr.schema.BoolField
May 12, 2011 6:44:47 AM org.apache.solr.util.plugin.AbstractPluginLoader load
INFO: created date: org.apache.solr.schema.DateField
May 12, 2011 6:44:47 AM org.apache.solr.util.plugin.AbstractPluginLoader load
INFO: created sdouble: org.apache.solr.schema.SortableDoubleField
May 12, 2011 6:44:47 AM org.apache.solr.util.plugin.AbstractPluginLoader load
INFO: created sfloat: org.apache.solr.schema.SortableFloatField
May 12, 2011 6:44:47 AM org.apache.solr.util.plugin.AbstractPluginLoader load
INFO: created sint: org.apache.solr.schema.SortableIntField
May 12, 2011 6:44:47 AM org.apache.solr.util.plugin.AbstractPluginLoader load
INFO: created slong: org.apache.solr.schema.SortableLongField
May 12, 2011 6:44:47 AM org.apache.solr.util.plugin.AbstractPluginLoader load
INFO: created tint: org.apache.solr.schema.TrieIntField
May 12, 2011 6:44:47 AM org.apache.solr.util.plugin.AbstractPluginLoader load
INFO: created tfloat: org.apache.solr.schema.TrieFloatField
May 12, 2011 6:44:47 AM org.apache.solr.util.plugin.AbstractPluginLoader load
INFO: created tdate: org.apache.solr.schema.TrieDateField
May 12, 2011 6:44:47 AM org.apache.solr.schema.IndexSchema readSchema
INFO: default search field is text
May 12, 2011 6:44:47 AM org.apache.solr.schema.IndexSchema readSchema
INFO: query parser default operator is AND
May 12, 2011 6:44:47 AM org.apache.solr.schema.IndexSchema readSchema
INFO: unique key field: id
May 12, 2011 6:44:47 AM org.apache.solr.core.JmxMonitoredMap <init>
INFO: No JMX servers found, not exposing Solr information with JMX.
May 12, 2011 6:44:47 AM org.apache.solr.core.SolrCore initListeners
INFO: Added SolrEventListener: org.apache.solr.core.QuerySenderListener{queries=[]}
May 12, 2011 6:44:47 AM org.apache.solr.core.SolrCore initListeners
INFO: Added SolrEventListener: org.apache.solr.core.QuerySenderListener{queries=[{q=solr rocks,start=0,rows=10}, {q=static firstSearcher warming query from solrconfig.xml}]}
May 12, 2011 6:44:47 AM org.apache.solr.request.XSLTResponseWriter init
INFO: xsltCacheLifetimeSeconds=5
May 12, 2011 6:44:47 AM org.apache.solr.core.RequestHandlers initHandlersFromConfig
INFO: created standard: solr.SearchHandler
May 12, 2011 6:44:47 AM org.apache.solr.core.RequestHandlers initHandlersFromConfig
INFO: created dismax: solr.SearchHandler
May 12, 2011 6:44:47 AM org.apache.solr.core.RequestHandlers initHandlersFromConfig
INFO: created partitioned: solr.SearchHandler
May 12, 2011 6:44:47 AM org.apache.solr.core.RequestHandlers initHandlersFromConfig
INFO: created /spell: solr.SearchHandler
May 12, 2011 6:44:47 AM org.apache.solr.core.RequestHandlers initHandlersFromConfig
INFO: created tvrh: org.apache.solr.handler.component.SearchHandler
May 12, 2011 6:44:47 AM org.apache.solr.core.RequestHandlers initHandlersFromConfig
INFO: adding lazy requestHandler: org.apache.solr.handler.extraction.ExtractingRequestHandler
May 12, 2011 6:44:47 AM org.apache.solr.core.RequestHandlers initHandlersFromConfig
INFO: created /update/extract: org.apache.solr.handler.extraction.ExtractingRequestHandler
May 12, 2011 6:44:47 AM org.apache.solr.core.RequestHandlers initHandlersFromConfig
INFO: created /terms: org.apache.solr.handler.component.SearchHandler
May 12, 2011 6:44:47 AM org.apache.solr.core.RequestHandlers initHandlersFromConfig
INFO: adding lazy requestHandler: solr.SearchHandler
May 12, 2011 6:44:47 AM org.apache.solr.core.RequestHandlers initHandlersFromConfig
INFO: created /elevate: solr.SearchHandler
May 12, 2011 6:44:47 AM org.apache.solr.core.RequestHandlers initHandlersFromConfig
INFO: created /update: solr.XmlUpdateRequestHandler
May 12, 2011 6:44:47 AM org.apache.solr.core.RequestHandlers initHandlersFromConfig
INFO: created /update/javabin: solr.BinaryUpdateRequestHandler
May 12, 2011 6:44:47 AM org.apache.solr.core.RequestHandlers initHandlersFromConfig
INFO: created /analysis/document: solr.DocumentAnalysisRequestHandler
May 12, 2011 6:44:47 AM org.apache.solr.core.RequestHandlers initHandlersFromConfig
INFO: created /analysis/field: solr.FieldAnalysisRequestHandler
May 12, 2011 6:44:47 AM org.apache.solr.core.RequestHandlers initHandlersFromConfig
INFO: adding lazy requestHandler: solr.CSVRequestHandler
May 12, 2011 6:44:47 AM org.apache.solr.core.RequestHandlers initHandlersFromConfig
INFO: created /update/csv: solr.CSVRequestHandler
May 12, 2011 6:44:47 AM org.apache.solr.core.RequestHandlers initHandlersFromConfig
INFO: created /admin/: org.apache.solr.handler.admin.AdminHandlers
May 12, 2011 6:44:47 AM org.apache.solr.core.RequestHandlers initHandlersFromConfig
INFO: created /admin/ping: PingRequestHandler
May 12, 2011 6:44:47 AM org.apache.solr.core.RequestHandlers initHandlersFromConfig
INFO: created /debug/dump: solr.DumpRequestHandler
May 12, 2011 6:44:47 AM org.apache.solr.core.RequestHandlers initHandlersFromConfig
INFO: created /mlt: solr.MoreLikeThisHandler
May 12, 2011 6:44:47 AM org.apache.solr.search.SolrIndexSearcher <init>
INFO: Opening Searcher@32d8ca48 main
May 12, 2011 6:44:47 AM org.apache.solr.update.DirectUpdateHandler2$CommitTracker <init>
INFO: AutoCommit: disabled
May 12, 2011 6:44:47 AM org.apache.solr.handler.component.SpellCheckComponent inform
INFO: Initializing spell checkers
May 12, 2011 6:44:47 AM org.apache.solr.spelling.AbstractLuceneSpellChecker init
INFO: Using WhitespaceAnalzyer for dictionary: default
May 12, 2011 6:44:47 AM org.apache.solr.handler.component.SpellCheckComponent inform
WARNING: No queryConverter defined, using default converter
May 12, 2011 6:44:47 AM org.apache.solr.handler.component.QueryElevationComponent inform
INFO: Loading QueryElevation from: /Users/anandiyer/Documents/SWGH/crave-src/src/solr/conf/elevate.xml
May 12, 2011 6:44:47 AM org.apache.solr.handler.component.SearchHandler inform
INFO: Adding  component:org.apache.solr.handler.component.QueryComponent@21fb3211
May 12, 2011 6:44:47 AM org.apache.solr.handler.component.SearchHandler inform
INFO: Adding  component:org.apache.solr.handler.component.FacetComponent@72940b84
May 12, 2011 6:44:47 AM org.apache.solr.handler.component.SearchHandler inform
INFO: Adding  component:org.apache.solr.handler.component.MoreLikeThisComponent@558041e0
May 12, 2011 6:44:47 AM org.apache.solr.handler.component.SearchHandler inform
INFO: Adding  component:org.apache.solr.handler.component.HighlightComponent@576504fa
May 12, 2011 6:44:47 AM org.apache.solr.handler.component.SearchHandler inform
INFO: Adding  component:org.apache.solr.handler.component.StatsComponent@2929e5e9
May 12, 2011 6:44:47 AM org.apache.solr.handler.component.SearchHandler inform
INFO: Adding  debug component:org.apache.solr.handler.component.DebugComponent@7db5391b
May 12, 2011 6:44:47 AM org.apache.solr.handler.component.SearchHandler inform
INFO: Adding  component:org.apache.solr.handler.component.QueryComponent@21fb3211
May 12, 2011 6:44:47 AM org.apache.solr.handler.component.SearchHandler inform
INFO: Adding  component:org.apache.solr.handler.component.FacetComponent@72940b84
May 12, 2011 6:44:47 AM org.apache.solr.handler.component.SearchHandler inform
INFO: Adding  component:org.apache.solr.handler.component.MoreLikeThisComponent@558041e0
May 12, 2011 6:44:47 AM org.apache.solr.handler.component.SearchHandler inform
INFO: Adding  component:org.apache.solr.handler.component.HighlightComponent@576504fa
May 12, 2011 6:44:47 AM org.apache.solr.handler.component.SearchHandler inform
INFO: Adding  component:org.apache.solr.handler.component.StatsComponent@2929e5e9
May 12, 2011 6:44:47 AM org.apache.solr.handler.component.SearchHandler inform
INFO: Adding  debug component:org.apache.solr.handler.component.DebugComponent@7db5391b
May 12, 2011 6:44:47 AM org.apache.solr.handler.component.SearchHandler inform
INFO: Adding  component:org.apache.solr.handler.component.QueryComponent@21fb3211
May 12, 2011 6:44:47 AM org.apache.solr.handler.component.SearchHandler inform
INFO: Adding  component:org.apache.solr.handler.component.FacetComponent@72940b84
May 12, 2011 6:44:47 AM org.apache.solr.handler.component.SearchHandler inform
INFO: Adding  component:org.apache.solr.handler.component.MoreLikeThisComponent@558041e0
May 12, 2011 6:44:47 AM org.apache.solr.handler.component.SearchHandler inform
INFO: Adding  component:org.apache.solr.handler.component.HighlightComponent@576504fa
May 12, 2011 6:44:47 AM org.apache.solr.handler.component.SearchHandler inform
INFO: Adding  component:org.apache.solr.handler.component.StatsComponent@2929e5e9
May 12, 2011 6:44:47 AM org.apache.solr.handler.component.SearchHandler inform
INFO: Adding  debug component:org.apache.solr.handler.component.DebugComponent@7db5391b
May 12, 2011 6:44:47 AM org.apache.solr.handler.component.SearchHandler inform
INFO: Adding  component:org.apache.solr.handler.component.QueryComponent@21fb3211
May 12, 2011 6:44:47 AM org.apache.solr.handler.component.SearchHandler inform
INFO: Adding  component:org.apache.solr.handler.component.FacetComponent@72940b84
May 12, 2011 6:44:47 AM org.apache.solr.handler.component.SearchHandler inform
INFO: Adding  component:org.apache.solr.handler.component.MoreLikeThisComponent@558041e0
May 12, 2011 6:44:47 AM org.apache.solr.handler.component.SearchHandler inform
INFO: Adding  component:org.apache.solr.handler.component.HighlightComponent@576504fa
May 12, 2011 6:44:47 AM org.apache.solr.handler.component.SearchHandler inform
INFO: Adding  component:org.apache.solr.handler.component.StatsComponent@2929e5e9
May 12, 2011 6:44:47 AM org.apache.solr.handler.component.SearchHandler inform
INFO: Adding  component:org.apache.solr.handler.component.SpellCheckComponent@4b85c17
May 12, 2011 6:44:47 AM org.apache.solr.handler.component.SearchHandler inform
INFO: Adding  debug component:org.apache.solr.handler.component.DebugComponent@7db5391b
May 12, 2011 6:44:47 AM org.apache.solr.handler.component.SearchHandler inform
INFO: Adding  component:org.apache.solr.handler.component.QueryComponent@21fb3211
May 12, 2011 6:44:47 AM org.apache.solr.handler.component.SearchHandler inform
INFO: Adding  component:org.apache.solr.handler.component.FacetComponent@72940b84
May 12, 2011 6:44:47 AM org.apache.solr.handler.component.SearchHandler inform
INFO: Adding  component:org.apache.solr.handler.component.MoreLikeThisComponent@558041e0
May 12, 2011 6:44:47 AM org.apache.solr.handler.component.SearchHandler inform
INFO: Adding  component:org.apache.solr.handler.component.HighlightComponent@576504fa
May 12, 2011 6:44:47 AM org.apache.solr.handler.component.SearchHandler inform
INFO: Adding  component:org.apache.solr.handler.component.StatsComponent@2929e5e9
May 12, 2011 6:44:47 AM org.apache.solr.handler.component.SearchHandler inform
INFO: Adding  component:org.apache.solr.handler.component.TermVectorComponent@63a5ec6c
May 12, 2011 6:44:47 AM org.apache.solr.handler.component.SearchHandler inform
INFO: Adding  debug component:org.apache.solr.handler.component.DebugComponent@7db5391b
May 12, 2011 6:44:47 AM org.apache.solr.handler.component.SearchHandler inform
INFO: Adding  component:org.apache.solr.handler.component.TermsComponent@2244d990
May 12, 2011 6:44:47 AM org.apache.solr.core.QuerySenderListener newSearcher
INFO: QuerySenderListener sending requests to Searcher@32d8ca48 main
May 12, 2011 6:44:48 AM org.apache.solr.core.CoreContainer register
INFO: registering core: 
May 12, 2011 6:44:48 AM org.apache.solr.servlet.SolrDispatchFilter init
INFO: user.dir=/Library/Ruby/Gems/1.8/gems/sunspot-1.2.1/solr
May 12, 2011 6:44:48 AM org.apache.solr.servlet.SolrDispatchFilter init
INFO: SolrDispatchFilter.init() done
May 12, 2011 6:44:48 AM org.apache.solr.core.SolrCore execute
INFO: [] webapp=null path=null params={start=0&event=firstSearcher&q=solr+rocks&rows=10} hits=0 status=0 QTime=97 
May 12, 2011 6:44:48 AM org.apache.solr.core.SolrCore execute
INFO: [] webapp=null path=null params={event=firstSearcher&q=static+firstSearcher+warming+query+from+solrconfig.xml} hits=0 status=0 QTime=1 
May 12, 2011 6:44:48 AM org.apache.solr.core.QuerySenderListener newSearcher
INFO: QuerySenderListener done.
May 12, 2011 6:44:48 AM org.apache.solr.handler.component.SpellCheckComponent$SpellCheckerListener newSearcher
INFO: Loading spell index for spellchecker: default
May 12, 2011 6:44:48 AM org.apache.solr.core.SolrCore registerSearcher
INFO: [] Registered new searcher Searcher@32d8ca48 main
May 12, 2011 6:44:48 AM org.apache.solr.servlet.SolrServlet init
INFO: SolrServlet.init()
May 12, 2011 6:44:48 AM org.apache.solr.core.SolrResourceLoader locateSolrHome
INFO: JNDI not configured for solr (NoInitialContextEx)
May 12, 2011 6:44:48 AM org.apache.solr.core.SolrResourceLoader locateSolrHome
INFO: using system property solr.solr.home: /Users/anandiyer/Documents/SWGH/crave-src/src/solr
May 12, 2011 6:44:48 AM org.apache.solr.servlet.SolrServlet init
INFO: SolrServlet.init() done
May 12, 2011 6:44:48 AM org.apache.solr.core.SolrResourceLoader locateSolrHome
INFO: JNDI not configured for solr (NoInitialContextEx)
May 12, 2011 6:44:48 AM org.apache.solr.core.SolrResourceLoader locateSolrHome
INFO: using system property solr.solr.home: /Users/anandiyer/Documents/SWGH/crave-src/src/solr
May 12, 2011 6:44:48 AM org.apache.solr.servlet.SolrUpdateServlet init
INFO: SolrUpdateServlet.init() done
May 12, 2011 6:44:56 AM org.apache.solr.core.SolrCore execute
INFO: [] webapp=/solr path=/select params={fl=*+score&start=0&q=_query_:"{!dismax+qf%3D'name_text'}lavash"+(coordinates_s:7zzzzzzzzzzz^1.0+OR+coordinates_s:7zzzzzzzzzz*^0.0625+OR+coordinates_s:7zzzzzzzzz*^0.00391+OR+coordinates_s:7zzzzzzzz*^0.000244+OR+coordinates_s:7zzzzzzz*^0.0000153+OR+coordinates_s:7zzzzzz*^0.000000954+OR+coordinates_s:7zzzzz*^0.0000000596+OR+coordinates_s:7zzzz*^0.00000000373)&wt=ruby&fq=type:Restaurant&rows=30} hits=0 status=0 QTime=92 
May 12, 2011 6:45:05 AM org.apache.solr.core.SolrCore execute
INFO: [] webapp=/solr path=/select params={fl=*+score&start=0&q=lavash&qf=name_text&wt=ruby&fq=type:Restaurant&defType=dismax&rows=30} hits=1 status=0 QTime=26 
May 12, 2011 6:45:15 AM org.apache.solr.core.SolrCore execute
INFO: [] webapp=/solr path=/select params={fl=*+score&start=0&q=_query_:"{!dismax+qf%3D'name_text'}lavash"+(coordinates_s:7zzzzzzzzzzz^1.0+OR+coordinates_s:7zzzzzzzzzz*^0.0625+OR+coordinates_s:7zzzzzzzzz*^0.00391+OR+coordinates_s:7zzzzzzzz*^0.000244+OR+coordinates_s:7zzzzzzz*^0.0000153+OR+coordinates_s:7zzzzzz*^0.000000954+OR+coordinates_s:7zzzzz*^0.0000000596+OR+coordinates_s:7zzzz*^0.00000000373)&wt=ruby&fq=type:Restaurant&rows=30} hits=0 status=0 QTime=3 
May 12, 2011 6:45:16 AM org.apache.solr.core.SolrCore execute
INFO: [] webapp=/solr path=/select params={fl=*+score&start=0&q=_query_:"{!dismax+qf%3D'name_text'}lavash"+(coordinates_s:7zzzzzzzzzzz^1.0+OR+coordinates_s:7zzzzzzzzzz*^0.0625+OR+coordinates_s:7zzzzzzzzz*^0.00391+OR+coordinates_s:7zzzzzzzz*^0.000244+OR+coordinates_s:7zzzzzzz*^0.0000153+OR+coordinates_s:7zzzzzz*^0.000000954+OR+coordinates_s:7zzzzz*^0.0000000596+OR+coordinates_s:7zzzz*^0.00000000373)&wt=ruby&fq=type:Restaurant&rows=30} hits=0 status=0 QTime=2 
May 12, 2011 6:45:17 AM org.apache.solr.core.SolrCore execute
INFO: [] webapp=/solr path=/select params={fl=*+score&start=0&q=_query_:"{!dismax+qf%3D'name_text'}lavash"+(coordinates_s:7zzzzzzzzzzz^1.0+OR+coordinates_s:7zzzzzzzzzz*^0.0625+OR+coordinates_s:7zzzzzzzzz*^0.00391+OR+coordinates_s:7zzzzzzzz*^0.000244+OR+coordinates_s:7zzzzzzz*^0.0000153+OR+coordinates_s:7zzzzzz*^0.000000954+OR+coordinates_s:7zzzzz*^0.0000000596+OR+coordinates_s:7zzzz*^0.00000000373)&wt=ruby&fq=type:Restaurant&rows=30} hits=0 status=0 QTime=1 
May 12, 2011 6:45:17 AM org.apache.solr.core.SolrCore execute
INFO: [] webapp=/solr path=/select params={fl=*+score&start=0&q=_query_:"{!dismax+qf%3D'name_text'}lavash"+(coordinates_s:7zzzzzzzzzzz^1.0+OR+coordinates_s:7zzzzzzzzzz*^0.0625+OR+coordinates_s:7zzzzzzzzz*^0.00391+OR+coordinates_s:7zzzzzzzz*^0.000244+OR+coordinates_s:7zzzzzzz*^0.0000153+OR+coordinates_s:7zzzzzz*^0.000000954+OR+coordinates_s:7zzzzz*^0.0000000596+OR+coordinates_s:7zzzz*^0.00000000373)&wt=ruby&fq=type:Restaurant&rows=30} hits=0 status=0 QTime=2 
May 12, 2011 6:45:18 AM org.apache.solr.core.SolrCore execute
INFO: [] webapp=/solr path=/select params={fl=*+score&start=0&q=_query_:"{!dismax+qf%3D'name_text'}lavash"+(coordinates_s:7zzzzzzzzzzz^1.0+OR+coordinates_s:7zzzzzzzzzz*^0.0625+OR+coordinates_s:7zzzzzzzzz*^0.00391+OR+coordinates_s:7zzzzzzzz*^0.000244+OR+coordinates_s:7zzzzzzz*^0.0000153+OR+coordinates_s:7zzzzzz*^0.000000954+OR+coordinates_s:7zzzzz*^0.0000000596+OR+coordinates_s:7zzzz*^0.00000000373)&wt=ruby&fq=type:Restaurant&rows=30} hits=0 status=0 QTime=21 
May 12, 2011 6:45:19 AM org.apache.solr.core.SolrCore execute
INFO: [] webapp=/solr path=/select params={fl=*+score&start=0&q=_query_:"{!dismax+qf%3D'name_text'}lavash"+(coordinates_s:7zzzzzzzzzzz^1.0+OR+coordinates_s:7zzzzzzzzzz*^0.0625+OR+coordinates_s:7zzzzzzzzz*^0.00391+OR+coordinates_s:7zzzzzzzz*^0.000244+OR+coordinates_s:7zzzzzzz*^0.0000153+OR+coordinates_s:7zzzzzz*^0.000000954+OR+coordinates_s:7zzzzz*^0.0000000596+OR+coordinates_s:7zzzz*^0.00000000373)&wt=ruby&fq=type:Restaurant&rows=30} hits=0 status=0 QTime=5 
May 12, 2011 6:46:08 AM org.apache.solr.core.SolrCore execute
INFO: [] webapp=/solr path=/select params={fl=*+score&start=0&q=_query_:"{!dismax+qf%3D'name_text'}lavash"+(coordinates_s:7zzzzzzzzzzz^1.0+OR+coordinates_s:7zzzzzzzzzz*^0.0625+OR+coordinates_s:7zzzzzzzzz*^0.00391+OR+coordinates_s:7zzzzzzzz*^0.000244+OR+coordinates_s:7zzzzzzz*^0.0000153+OR+coordinates_s:7zzzzzz*^0.000000954+OR+coordinates_s:7zzzzz*^0.0000000596+OR+coordinates_s:7zzzz*^0.00000000373)&wt=ruby&fq=type:Restaurant&rows=30} hits=0 status=0 QTime=2 
May 12, 2011 6:46:11 AM org.apache.solr.core.SolrCore execute
INFO: [] webapp=/solr path=/select params={fl=*+score&start=0&q=lavas&qf=name_text&wt=ruby&fq=type:Restaurant&defType=dismax&rows=30} hits=0 status=0 QTime=2 
May 12, 2011 6:46:12 AM org.apache.solr.core.SolrCore execute
INFO: [] webapp=/solr path=/select params={fl=*+score&start=0&q=lavash&qf=name_text&wt=ruby&fq=type:Restaurant&defType=dismax&rows=30} hits=1 status=0 QTime=6 
May 12, 2011 6:46:12 AM org.apache.solr.core.SolrCore execute
INFO: [] webapp=/solr path=/select params={fl=*+score&start=0&q=lavash&qf=name_text&wt=ruby&fq=type:Restaurant&defType=dismax&rows=30} hits=1 status=0 QTime=1 
May 12, 2011 6:46:39 AM org.apache.solr.core.SolrCore execute
INFO: [] webapp=/solr path=/select params={fl=*+score&start=0&q=a&qf=name_text&wt=ruby&fq=type:Restaurant&defType=dismax&rows=30} hits=6 status=0 QTime=46 
May 12, 2011 6:46:40 AM org.apache.solr.core.SolrCore execute
INFO: [] webapp=/solr path=/select params={fl=*+score&start=0&q=alborz&qf=name_text&wt=ruby&fq=type:Restaurant&defType=dismax&rows=30} hits=1 status=0 QTime=90 
May 12, 2011 6:46:47 AM org.apache.solr.core.SolrCore execute
INFO: [] webapp=/solr path=/select params={fl=*+score&start=0&q=alborz&qf=name_text&wt=ruby&fq=type:Restaurant&defType=dismax&rows=30} hits=1 status=0 QTime=2 
May 12, 2011 6:46:49 AM org.apache.solr.core.SolrCore execute
INFO: [] webapp=/solr path=/select params={fl=*+score&start=0&q=alborz&qf=name_text&wt=ruby&fq=type:Restaurant&defType=dismax&rows=30} hits=1 status=0 QTime=1 
May 12, 2011 6:47:08 AM org.apache.solr.core.SolrCore execute
INFO: [] webapp=/solr path=/select params={fl=*+score&start=0&q=alborz&qf=name_text^2+description_text&wt=ruby&fq=type:MenuItem&defType=dismax&rows=30} hits=1 status=0 QTime=152 
May 12, 2011 6:47:13 AM org.apache.solr.core.SolrCore execute
INFO: [] webapp=/solr path=/select params={fl=*+score&start=0&q=alborz&qf=name_text^2+description_text&wt=ruby&fq=type:MenuItem&defType=dismax&rows=30} hits=1 status=0 QTime=1 
May 12, 2011 6:47:17 AM org.apache.solr.core.SolrCore execute
INFO: [] webapp=/solr path=/select params={fl=*+score&start=0&q=l&qf=name_text^2+description_text&wt=ruby&fq=type:MenuItem&defType=dismax&rows=30} hits=101 status=0 QTime=134 
May 12, 2011 6:47:18 AM org.apache.solr.core.SolrCore execute
INFO: [] webapp=/solr path=/select params={fl=*+score&start=0&q=lavash&qf=name_text^2+description_text&wt=ruby&fq=type:MenuItem&defType=dismax&rows=30} hits=170 status=0 QTime=185 
May 12, 2011 6:47:19 AM org.apache.solr.core.SolrCore execute
INFO: [] webapp=/solr path=/select params={fl=*+score&start=0&q=lavash&qf=name_text^2+description_text&wt=ruby&fq=type:MenuItem&defType=dismax&rows=30} hits=170 status=0 QTime=1 
May 12, 2011 6:47:20 AM org.apache.solr.core.SolrCore execute
INFO: [] webapp=/solr path=/select params={fl=*+score&start=0&q=s&qf=name_text^2+description_text&wt=ruby&fq=type:MenuItem&defType=dismax&rows=30} hits=2147 status=0 QTime=215 
May 12, 2011 6:47:21 AM org.apache.solr.core.SolrCore execute
INFO: [] webapp=/solr path=/select params={fl=*+score&start=0&q=shaw&qf=name_text^2+description_text&wt=ruby&fq=type:MenuItem&defType=dismax&rows=30} hits=0 status=0 QTime=22 
May 12, 2011 6:47:21 AM org.apache.solr.core.SolrCore execute
INFO: [] webapp=/solr path=/select params={fl=*+score&start=0&q=shawarma&qf=name_text^2+description_text&wt=ruby&fq=type:MenuItem&defType=dismax&rows=30} hits=68 status=0 QTime=170 
May 12, 2011 6:53:46 AM org.apache.solr.core.SolrCore execute
INFO: [] webapp=/solr path=/select params={fl=*+score&start=0&q=_query_:"{!dismax+qf%3D'name_text'}alborz"+(coordinates_s:7zzzzzzzzzzz^1.0+OR+coordinates_s:7zzzzzzzzzz*^0.0625+OR+coordinates_s:7zzzzzzzzz*^0.00391+OR+coordinates_s:7zzzzzzzz*^0.000244+OR+coordinates_s:7zzzzzzz*^0.0000153+OR+coordinates_s:7zzzzzz*^0.000000954+OR+coordinates_s:7zzzzz*^0.0000000596+OR+coordinates_s:7zzzz*^0.00000000373)&wt=ruby&fq=type:Restaurant&rows=30} hits=0 status=0 QTime=4 
May 12, 2011 6:53:48 AM org.apache.solr.core.SolrCore execute
INFO: [] webapp=/solr path=/select params={fl=*+score&start=0&q=_query_:"{!dismax+qf%3D'name_text'}alborz"+(coordinates_s:7zzzzzzzzzzz^1.0+OR+coordinates_s:7zzzzzzzzzz*^0.0625+OR+coordinates_s:7zzzzzzzzz*^0.00391+OR+coordinates_s:7zzzzzzzz*^0.000244+OR+coordinates_s:7zzzzzzz*^0.0000153+OR+coordinates_s:7zzzzzz*^0.000000954+OR+coordinates_s:7zzzzz*^0.0000000596+OR+coordinates_s:7zzzz*^0.00000000373)&wt=ruby&fq=type:Restaurant&rows=30} hits=0 status=0 QTime=2 
May 12, 2011 6:53:49 AM org.apache.solr.core.SolrCore execute
INFO: [] webapp=/solr path=/select params={fl=*+score&start=0&q=_query_:"{!dismax+qf%3D'name_text'}alborz"+(coordinates_s:7zzzzzzzzzzz^1.0+OR+coordinates_s:7zzzzzzzzzz*^0.0625+OR+coordinates_s:7zzzzzzzzz*^0.00391+OR+coordinates_s:7zzzzzzzz*^0.000244+OR+coordinates_s:7zzzzzzz*^0.0000153+OR+coordinates_s:7zzzzzz*^0.000000954+OR+coordinates_s:7zzzzz*^0.0000000596+OR+coordinates_s:7zzzz*^0.00000000373)&wt=ruby&fq=type:Restaurant&rows=30} hits=0 status=0 QTime=1 
May 12, 2011 6:53:51 AM org.apache.solr.core.SolrCore execute
INFO: [] webapp=/solr path=/select params={fl=*+score&start=0&q=alborz&qf=name_text&wt=ruby&fq=type:Restaurant&defType=dismax&rows=30} hits=1 status=0 QTime=0 
May 12, 2011 6:53:51 AM org.apache.solr.core.SolrCore execute
INFO: [] webapp=/solr path=/select params={fl=*+score&start=0&q=alborz&qf=name_text&wt=ruby&fq=type:Restaurant&defType=dismax&rows=30} hits=1 status=0 QTime=0 
May 12, 2011 6:53:52 AM org.apache.solr.core.SolrCore execute
INFO: [] webapp=/solr path=/select params={fl=*+score&start=0&q=alborz&qf=name_text&wt=ruby&fq=type:Restaurant&defType=dismax&rows=30} hits=1 status=0 QTime=1 
May 12, 2011 6:53:55 AM org.apache.solr.core.SolrCore execute
INFO: [] webapp=/solr path=/select params={fl=*+score&start=0&q=lavash&qf=name_text&wt=ruby&fq=type:Restaurant&defType=dismax&rows=30} hits=1 status=0 QTime=1 
May 12, 2011 6:53:55 AM org.apache.solr.core.SolrCore execute
INFO: [] webapp=/solr path=/select params={fl=*+score&start=0&q=lavash&qf=name_text&wt=ruby&fq=type:Restaurant&defType=dismax&rows=30} hits=1 status=0 QTime=1 
May 12, 2011 6:57:57 AM org.apache.solr.core.SolrCore execute
INFO: [] webapp=/solr path=/select params={fl=*+score&start=0&q=lavash&qf=name_text&wt=ruby&fq=type:Restaurant&defType=dismax&rows=30} hits=1 status=0 QTime=1 
May 12, 2011 6:58:01 AM org.apache.solr.core.SolrCore execute
INFO: [] webapp=/solr path=/select params={fl=*+score&start=0&q=lavash&qf=name_text&wt=ruby&fq=type:Restaurant&defType=dismax&rows=30} hits=1 status=0 QTime=1 
May 12, 2011 6:58:13 AM org.apache.solr.core.SolrCore execute
INFO: [] webapp=/solr path=/select params={fl=*+score&start=0&q=lavash&qf=name_text^2+description_text&wt=ruby&fq=type:MenuItem&defType=dismax&rows=30} hits=170 status=0 QTime=1 
May 12, 2011 6:58:15 AM org.apache.solr.core.SolrCore execute
INFO: [] webapp=/solr path=/select params={fl=*+score&start=0&q=s&qf=name_text^2+description_text&wt=ruby&fq=type:MenuItem&defType=dismax&rows=30} hits=2147 status=0 QTime=1 
May 12, 2011 6:58:16 AM org.apache.solr.core.SolrCore execute
INFO: [] webapp=/solr path=/select params={fl=*+score&start=0&q=shawarma&qf=name_text^2+description_text&wt=ruby&fq=type:MenuItem&defType=dismax&rows=30} hits=68 status=0 QTime=1 
May 12, 2011 10:57:49 AM org.apache.solr.core.SolrCore execute
INFO: [] webapp=/solr path=/select params={fl=*+score&start=0&q=pizza&qf=name_text^2+description_text&wt=ruby&fq=type:MenuItem&defType=dismax&rows=30} hits=1480 status=0 QTime=227 
May 12, 2011 10:57:50 AM org.apache.solr.core.SolrCore execute
INFO: [] webapp=/solr path=/select params={fl=*+score&start=0&q=pizza&qf=name_text^2+description_text&wt=ruby&fq=type:MenuItem&defType=dismax&rows=30} hits=1480 status=0 QTime=1 
May 12, 2011 11:25:34 AM org.apache.solr.core.SolrCore execute
INFO: [] webapp=/solr path=/select params={fl=*+score&start=0&q=lavash&qf=name_text&wt=ruby&fq=type:Restaurant&defType=dismax&rows=30} hits=1 status=0 QTime=1 
May 12, 2011 11:25:35 AM org.apache.solr.core.SolrCore execute
INFO: [] webapp=/solr path=/select params={fl=*+score&start=0&q=lavash&qf=name_text&wt=ruby&fq=type:Restaurant&defType=dismax&rows=30} hits=1 status=0 QTime=1 
May 12, 2011 11:25:38 AM org.apache.solr.core.SolrCore execute
INFO: [] webapp=/solr path=/select params={fl=*+score&start=0&q=lavash&qf=name_text&wt=ruby&fq=type:Restaurant&defType=dismax&rows=30} hits=1 status=0 QTime=1 
May 12, 2011 11:25:41 AM org.apache.solr.core.SolrCore execute
INFO: [] webapp=/solr path=/select params={fl=*+score&start=0&q=lavash&qf=name_text&wt=ruby&fq=type:Restaurant&defType=dismax&rows=30} hits=1 status=0 QTime=1 
May 12, 2011 11:25:44 AM org.apache.solr.core.SolrCore execute
INFO: [] webapp=/solr path=/select params={fl=*+score&start=0&q=a&qf=name_text&wt=ruby&fq=type:Restaurant&defType=dismax&rows=30} hits=6 status=0 QTime=1 
May 12, 2011 11:25:44 AM org.apache.solr.core.SolrCore execute
INFO: [] webapp=/solr path=/select params={fl=*+score&start=0&q=alborz&qf=name_text&wt=ruby&fq=type:Restaurant&defType=dismax&rows=30} hits=1 status=0 QTime=1 
May 12, 2011 11:25:45 AM org.apache.solr.core.SolrCore execute
INFO: [] webapp=/solr path=/select params={fl=*+score&start=0&q=alborz&qf=name_text&wt=ruby&fq=type:Restaurant&defType=dismax&rows=30} hits=1 status=0 QTime=1 
May 12, 2011 11:25:46 AM org.apache.solr.core.SolrCore execute
INFO: [] webapp=/solr path=/select params={fl=*+score&start=0&q=alborz&qf=name_text&wt=ruby&fq=type:Restaurant&defType=dismax&rows=30} hits=1 status=0 QTime=0 
May 12, 2011 11:25:47 AM org.apache.solr.core.SolrCore execute
INFO: [] webapp=/solr path=/select params={fl=*+score&start=0&q=buckhorn&qf=name_text&wt=ruby&fq=type:Restaurant&defType=dismax&rows=30} hits=3 status=0 QTime=32 
May 12, 2011 11:25:48 AM org.apache.solr.core.SolrCore execute
INFO: [] webapp=/solr path=/select params={fl=*+score&start=0&q=buckhorn&qf=name_text&wt=ruby&fq=type:Restaurant&defType=dismax&rows=30} hits=3 status=0 QTime=1 
May 12, 2011 11:25:49 AM org.apache.solr.core.SolrCore execute
INFO: [] webapp=/solr path=/select params={fl=*+score&start=0&q=buckhorn&qf=name_text&wt=ruby&fq=type:Restaurant&defType=dismax&rows=30} hits=3 status=0 QTime=1 
May 12, 2011 11:36:37 AM org.apache.solr.core.SolrCore execute
INFO: [] webapp=/solr path=/select params={fl=*+score&start=0&q=buck&qf=name_text&wt=ruby&fq=type:Restaurant&defType=dismax&rows=30} hits=1 status=0 QTime=13 
May 12, 2011 11:37:37 AM org.apache.solr.core.SolrCore execute
INFO: [] webapp=/solr path=/select params={fl=*+score&start=0&q=buck&qf=name_text&wt=ruby&fq=type:Restaurant&defType=dismax&rows=30} hits=1 status=0 QTime=1 
May 13, 2011 2:58:38 PM org.apache.solr.core.SolrCore execute
INFO: [] webapp=/solr path=/select params={fl=*+score&start=0&q=lavash&qf=name_text&wt=ruby&fq=type:Restaurant&defType=dismax&rows=30} hits=1 status=0 QTime=1 
